2023-09-09 00:00:45.013 [main] INFO  org.bookingTest.BaseTest -  ****** CHECKING HEALTH ********
2023-09-09 00:02:56.222 [main] INFO  org.bookingTest.BaseTest -  ****** CHECKING HEALTH ********
2023-09-09 00:03:00.598 [main] INFO  org.bookingTest.BaseTest -  ****** CHECKING HEALTH PASS  ******** 
2023-09-09 00:03:00.609 [main] INFO  reporting.ExtentManager -  Report Directory already exits C:\Users\ashutoshsingh03\Documents\AshutoshKumarSingh\BookingApp\TestReport
2023-09-09 00:03:00.771 [main] INFO  org.bookingTest.Test_createBooking -  **** tc01_createbooking() *****
2023-09-09 00:03:02.430 [main] INFO  org.bookingTest.Test_createBooking -  POST bODY is {
    "bookingid": 655,
    "booking": {
        "firstname": "Hisako",
        "lastname": "Jaskolski",
        "totalprice": 3,
        "depositpaid": false,
        "bookingdates": {
            "checkin": "2018-01-01",
            "checkout": "2028-01-01"
        },
        "additionalneeds": "Breakfast"
    }
}
2023-09-09 00:03:02.438 [main] INFO  org.bookingTest.BaseTest -  ****** CHECKING HEALTH ********
2023-09-09 00:03:05.129 [main] INFO  org.bookingTest.BaseTest -  ****** CHECKING HEALTH PASS  ******** 
2023-09-09 00:03:05.130 [main] INFO  org.bookingTest.Test_createBooking -  tc03_validateHeaders To validate the header of response 
2023-09-09 00:03:05.132 [main] INFO  org.bookingTest.BaseTest -  ****** CHECKING HEALTH ********
2023-09-09 00:03:07.672 [main] INFO  org.bookingTest.BaseTest -  ****** CHECKING HEALTH PASS  ******** 
2023-09-09 00:03:07.672 [main] INFO  org.bookingTest.Test_createBooking -  tc04_validateBody  To validate the body of json response 
2023-09-09 00:03:07.674 [main] INFO  org.bookingTest.Test_createBooking -  validate that object types are not null 
2023-09-09 00:03:07.674 [main] INFO  org.bookingTest.Test_createBooking -  response.getBody().asPrettyString()
2023-09-09 00:03:08.420 [main] INFO  org.bookingTest.BaseTest -  ****** CHECKING HEALTH ********
2023-09-09 00:03:10.904 [main] INFO  org.bookingTest.BaseTest -  ****** CHECKING HEALTH PASS  ******** 
2023-09-09 00:03:12.251 [main] INFO  org.bookingTest.BaseTest -  ****** CHECKING HEALTH ********
2023-09-09 00:03:14.751 [main] INFO  org.bookingTest.BaseTest -  ****** CHECKING HEALTH PASS  ******** 
2023-09-09 00:03:16.008 [main] INFO  org.bookingTest.BaseTest -  ****** CHECKING HEALTH ********
2023-09-09 00:03:19.713 [main] INFO  org.bookingTest.BaseTest -  ****** CHECKING HEALTH PASS  ******** 
2023-09-09 00:03:54.525 [main] INFO  org.bookingTest.BaseTest -  ****** CHECKING HEALTH ********
2023-09-09 00:03:58.824 [main] INFO  org.bookingTest.BaseTest -  ****** CHECKING HEALTH PASS  ******** 
2023-09-09 00:03:58.835 [main] INFO  reporting.ExtentManager -  Report Directory already exits C:\Users\ashutoshsingh03\Documents\AshutoshKumarSingh\BookingApp\TestReport
2023-09-09 00:03:59.014 [main] INFO  org.bookingTest.Test_createBooking -  **** tc01_createbooking() *****
2023-09-09 00:04:00.609 [main] INFO  org.bookingTest.Test_createBooking -  POST bODY is {
    "bookingid": 1158,
    "booking": {
        "firstname": "Ona",
        "lastname": "Reilly",
        "totalprice": 2,
        "depositpaid": false,
        "bookingdates": {
            "checkin": "2018-01-01",
            "checkout": "2028-01-01"
        },
        "additionalneeds": "Late check-out"
    }
}
2023-09-09 00:04:00.614 [main] INFO  org.bookingTest.BaseTest -  ****** CHECKING HEALTH ********
2023-09-09 00:04:03.318 [main] INFO  org.bookingTest.BaseTest -  ****** CHECKING HEALTH PASS  ******** 
2023-09-09 00:04:03.319 [main] INFO  org.bookingTest.Test_createBooking -  tc03_validateHeaders To validate the header of response 
2023-09-09 00:04:03.322 [main] INFO  org.bookingTest.BaseTest -  ****** CHECKING HEALTH ********
2023-09-09 00:04:05.721 [main] INFO  org.bookingTest.BaseTest -  ****** CHECKING HEALTH PASS  ******** 
2023-09-09 00:04:05.724 [main] INFO  org.bookingTest.Test_createBooking -  tc04_validateBody  To validate the body of json response 
2023-09-09 00:04:05.728 [main] INFO  org.bookingTest.Test_createBooking -  validate that object types are not null 
2023-09-09 00:04:05.729 [main] INFO  org.bookingTest.Test_createBooking -  response.getBody().asPrettyString()
2023-09-09 00:04:06.436 [main] INFO  org.bookingTest.BaseTest -  ****** CHECKING HEALTH ********
2023-09-09 00:04:09.253 [main] INFO  org.bookingTest.BaseTest -  ****** CHECKING HEALTH PASS  ******** 
2023-09-09 00:04:10.489 [main] INFO  org.bookingTest.BaseTest -  ****** CHECKING HEALTH ********
2023-09-09 00:04:12.979 [main] INFO  org.bookingTest.BaseTest -  ****** CHECKING HEALTH PASS  ******** 
2023-09-09 00:04:14.155 [main] INFO  org.bookingTest.BaseTest -  ****** CHECKING HEALTH ********
2023-09-09 00:04:16.641 [main] INFO  org.bookingTest.BaseTest -  ****** CHECKING HEALTH PASS  ******** 
2023-09-09 12:13:15.660 [main] INFO  org.bookingTest.BaseTest -  ****** CHECKING HEALTH ********
2023-09-09 12:13:21.498 [main] INFO  org.bookingTest.BaseTest -  ****** CHECKING HEALTH PASS  ******** 
2023-09-09 12:13:21.503 [main] INFO  reporting.ExtentManager -  Report Directory already exits C:\Users\ashutoshsingh03\Documents\AshutoshKumarSingh\BookingApp\TestReport
2023-09-09 12:17:32.858 [main] INFO  org.bookingTest.BaseTest -  ****** CHECKING HEALTH ********
2023-09-09 12:17:38.889 [main] INFO  org.bookingTest.BaseTest -  ****** CHECKING HEALTH PASS  ******** 
2023-09-09 12:17:38.898 [main] INFO  reporting.ExtentManager -  Report Directory already exits C:\Users\ashutoshsingh03\Documents\AshutoshKumarSingh\BookingApp\TestReport
2023-09-09 12:18:31.646 [main] INFO  org.bookingTest.BaseTest -  ****** CHECKING HEALTH ********
2023-09-09 12:18:39.073 [main] INFO  org.bookingTest.BaseTest -  ****** CHECKING HEALTH PASS  ******** 
2023-09-09 12:18:39.078 [main] INFO  reporting.ExtentManager -  Report Directory already exits C:\Users\ashutoshsingh03\Documents\AshutoshKumarSingh\BookingApp\TestReport
2023-09-09 12:25:10.376 [main] INFO  org.bookingTest.BaseTest -  ****** CHECKING HEALTH ********
2023-09-09 12:25:16.164 [main] INFO  org.bookingTest.BaseTest -  ****** CHECKING HEALTH PASS  ******** 
2023-09-09 12:25:16.168 [main] INFO  reporting.ExtentManager -  Report Directory already exits C:\Users\ashutoshsingh03\Documents\AshutoshKumarSingh\BookingApp\TestReport
2023-09-09 12:26:00.418 [main] INFO  org.bookingTest.BaseTest -  ****** CHECKING HEALTH ********
2023-09-09 12:26:05.988 [main] INFO  org.bookingTest.BaseTest -  ****** CHECKING HEALTH PASS  ******** 
2023-09-09 12:26:05.994 [main] INFO  reporting.ExtentManager -  Report Directory already exits C:\Users\ashutoshsingh03\Documents\AshutoshKumarSingh\BookingApp\TestReport
2023-09-09 12:26:06.304 [main] INFO  org.bookingTest.Test_createBooking -  **** tc01_createbooking() *****
2023-09-09 12:26:08.101 [main] INFO  org.bookingTest.Test_createBooking -  POST bODY is {
    "bookingid": 2536,
    "booking": {
        "firstname": "Carlota",
        "lastname": "Simonis",
        "totalprice": 1,
        "depositpaid": true,
        "bookingdates": {
            "checkin": "2018-01-01",
            "checkout": "2028-01-01"
        },
        "additionalneeds": "Extra bed"
    }
}
2023-09-09 12:26:08.921 [main] INFO  org.bookingTest.BaseTest -  ****** CHECKING HEALTH ********
2023-09-09 12:26:11.412 [main] INFO  org.bookingTest.BaseTest -  ****** CHECKING HEALTH PASS  ******** 
2023-09-09 12:26:13.066 [main] INFO  org.bookingTest.BaseTest -  ****** CHECKING HEALTH ********
2023-09-09 12:26:15.490 [main] INFO  org.bookingTest.BaseTest -  ****** CHECKING HEALTH PASS  ******** 
2023-09-09 12:26:15.491 [main] INFO  org.bookingTest.Test_createBooking -  tc03_validateHeaders To validate the header of response 
2023-09-09 12:26:15.493 [main] INFO  org.bookingTest.BaseTest -  ****** CHECKING HEALTH ********
2023-09-09 12:26:17.924 [main] INFO  org.bookingTest.BaseTest -  ****** CHECKING HEALTH PASS  ******** 
2023-09-09 12:26:17.925 [main] INFO  org.bookingTest.Test_createBooking -  tc04_validateBody  To validate the body of json response 
2023-09-09 12:26:17.926 [main] INFO  org.bookingTest.Test_createBooking -  validate that object types are not null 
2023-09-09 12:26:17.926 [main] INFO  org.bookingTest.Test_createBooking -  response.getBody().asPrettyString()
2023-09-09 12:26:17.984 [main] INFO  org.bookingTest.BaseTest -  ****** CHECKING HEALTH ********
2023-09-09 12:26:21.807 [main] INFO  org.bookingTest.BaseTest -  ****** CHECKING HEALTH PASS  ******** 
2023-09-09 12:26:23.364 [main] INFO  org.bookingTest.BaseTest -  ****** CHECKING HEALTH ********
2023-09-09 12:26:25.758 [main] INFO  org.bookingTest.BaseTest -  ****** CHECKING HEALTH PASS  ******** 
2023-09-09 12:26:27.079 [main] INFO  org.bookingTest.BaseTest -  ****** CHECKING HEALTH ********
2023-09-09 12:26:29.566 [main] INFO  org.bookingTest.BaseTest -  ****** CHECKING HEALTH PASS  ******** 
2023-09-09 12:44:52.369 [main] INFO  org.bookingTest.BaseTest -  ****** CHECKING HEALTH ********
2023-09-09 12:44:59.106 [main] INFO  org.bookingTest.BaseTest -  ****** CHECKING HEALTH PASS  ******** 
2023-09-09 12:44:59.115 [main] INFO  reporting.ExtentManager -  Report Directory already exits C:\Users\ashutoshsingh03\Documents\AshutoshKumarSingh\BookingApp\TestReport
2023-09-09 12:44:59.425 [main] INFO  org.bookingTest.Test_createBooking -  **** tc01_createbooking() *****
2023-09-09 12:45:01.271 [main] INFO  org.bookingTest.Test_createBooking -  POST bODY is {
    "bookingid": 1721,
    "booking": {
        "firstname": "Efrain",
        "lastname": "Torp",
        "totalprice": 9,
        "depositpaid": false,
        "bookingdates": {
            "checkin": "2018-01-01",
            "checkout": "2028-01-01"
        },
        "additionalneeds": "Breakfast"
    }
}
2023-09-09 12:45:02.271 [main] INFO  org.bookingTest.BaseTest -  ****** CHECKING HEALTH ********
2023-09-09 12:45:04.874 [main] INFO  org.bookingTest.BaseTest -  ****** CHECKING HEALTH PASS  ******** 
2023-09-09 12:45:06.819 [main] INFO  org.bookingTest.BaseTest -  ****** CHECKING HEALTH ********
2023-09-09 12:45:09.449 [main] INFO  org.bookingTest.BaseTest -  ****** CHECKING HEALTH PASS  ******** 
2023-09-09 12:45:09.451 [main] INFO  org.bookingTest.Test_createBooking -  tc03_validateHeaders To validate the header of response 
2023-09-09 12:45:09.453 [main] INFO  org.bookingTest.BaseTest -  ****** CHECKING HEALTH ********
2023-09-09 12:45:12.075 [main] INFO  org.bookingTest.BaseTest -  ****** CHECKING HEALTH PASS  ******** 
2023-09-09 12:45:12.077 [main] INFO  org.bookingTest.Test_createBooking -  tc04_validateBody  To validate the body of json response 
2023-09-09 12:45:12.082 [main] INFO  org.bookingTest.Test_createBooking -  validate that object types are not null 
2023-09-09 12:45:12.083 [main] INFO  org.bookingTest.Test_createBooking -  response.getBody().asPrettyString()
2023-09-09 12:45:12.183 [main] INFO  org.bookingTest.BaseTest -  ****** CHECKING HEALTH ********
2023-09-09 12:45:14.960 [main] INFO  org.bookingTest.BaseTest -  ****** CHECKING HEALTH PASS  ******** 
2023-09-09 12:45:16.676 [main] INFO  org.bookingTest.BaseTest -  ****** CHECKING HEALTH ********
2023-09-09 12:45:19.372 [main] INFO  org.bookingTest.BaseTest -  ****** CHECKING HEALTH PASS  ******** 
2023-09-09 12:45:20.909 [main] INFO  org.bookingTest.BaseTest -  ****** CHECKING HEALTH ********
2023-09-09 12:45:23.920 [main] INFO  org.bookingTest.BaseTest -  ****** CHECKING HEALTH PASS  ******** 
2023-09-09 12:45:25.260 [main] INFO  org.bookingTest.BaseTest -  ****** CHECKING HEALTH ********
2023-09-09 12:45:27.880 [main] INFO  org.bookingTest.BaseTest -  ****** CHECKING HEALTH PASS  ******** 
2023-09-09 12:45:32.027 [main] INFO  org.bookingTest.BaseTest -  ****** CHECKING HEALTH ********
2023-09-09 12:45:34.607 [main] INFO  org.bookingTest.BaseTest -  ****** CHECKING HEALTH PASS  ******** 
2023-09-09 12:45:34.722 [main] INFO  org.bookingTest.BaseTest -  ****** CHECKING HEALTH ********
2023-09-09 12:45:37.478 [main] INFO  org.bookingTest.BaseTest -  ****** CHECKING HEALTH PASS  ******** 
2023-09-09 12:46:47.842 [main] INFO  org.bookingTest.BaseTest -  ****** CHECKING HEALTH ********
2023-09-09 12:47:05.230 [main] INFO  org.bookingTest.BaseTest -  ****** CHECKING HEALTH PASS  ******** 
2023-09-09 12:47:05.257 [main] INFO  reporting.ExtentManager -  Report Directory already exits C:\Users\ashutoshsingh03\Documents\AshutoshKumarSingh\BookingApp\TestReport
2023-09-09 12:47:07.684 [main] INFO  org.bookingTest.Test_createBooking -  **** tc01_createbooking() *****
2023-09-09 12:47:13.727 [main] INFO  org.bookingTest.Test_createBooking -  POST bODY is {
    "bookingid": 2912,
    "booking": {
        "firstname": "Constance",
        "lastname": "Waters",
        "totalprice": 6,
        "depositpaid": true,
        "bookingdates": {
            "checkin": "2018-01-01",
            "checkout": "2028-01-01"
        },
        "additionalneeds": "Extra bed"
    }
}
2023-09-09 12:51:29.693 [main] INFO  org.bookingTest.BaseTest -  ****** CHECKING HEALTH ********
2023-09-09 12:51:46.158 [main] INFO  org.bookingTest.BaseTest -  ****** CHECKING HEALTH ********
2023-09-09 12:52:03.101 [main] INFO  org.bookingTest.BaseTest -  ****** CHECKING HEALTH PASS  ******** 
2023-09-09 12:52:03.129 [main] INFO  reporting.ExtentManager -  Report Directory already exits C:\Users\ashutoshsingh03\Documents\AshutoshKumarSingh\BookingApp\TestReport
2023-09-09 12:52:04.793 [main] INFO  org.bookingTest.Test_createBooking -  **** tc01_createbooking() *****
2023-09-09 12:52:08.611 [main] INFO  org.bookingTest.Test_createBooking -  POST bODY is {
    "bookingid": 515,
    "booking": {
        "firstname": "Modesto",
        "lastname": "Bruen",
        "totalprice": 4,
        "depositpaid": false,
        "bookingdates": {
            "checkin": "2018-01-01",
            "checkout": "2028-01-01"
        },
        "additionalneeds": "Extra bed"
    }
}
2023-09-09 12:52:32.129 [main] INFO  org.bookingTest.BaseTest -  ****** CHECKING HEALTH ********
2023-09-09 12:52:35.967 [main] INFO  org.bookingTest.BaseTest -  ****** CHECKING HEALTH PASS  ******** 
2023-09-09 12:52:39.776 [main] INFO  org.bookingTest.BaseTest -  ****** CHECKING HEALTH ********
2023-09-09 12:52:43.664 [main] INFO  org.bookingTest.BaseTest -  ****** CHECKING HEALTH PASS  ******** 
2023-09-09 12:52:43.674 [main] INFO  org.bookingTest.Test_createBooking -  tc03_validateHeaders To validate the header of response 
2023-09-09 12:52:43.710 [main] INFO  org.bookingTest.BaseTest -  ****** CHECKING HEALTH ********
2023-09-09 12:52:47.584 [main] INFO  org.bookingTest.BaseTest -  ****** CHECKING HEALTH PASS  ******** 
2023-09-09 12:52:47.593 [main] INFO  org.bookingTest.Test_createBooking -  tc04_validateBody  To validate the body of json response 
2023-09-09 12:52:47.615 [main] INFO  org.bookingTest.Test_createBooking -  validate that object types are not null 
2023-09-09 12:52:47.616 [main] INFO  org.bookingTest.Test_createBooking -  response.getBody().asPrettyString()
2023-09-09 12:52:48.043 [main] INFO  org.bookingTest.BaseTest -  ****** CHECKING HEALTH ********
2023-09-09 12:52:51.913 [main] INFO  org.bookingTest.BaseTest -  ****** CHECKING HEALTH PASS  ******** 
2023-09-09 12:52:55.677 [main] INFO  org.bookingTest.BaseTest -  ****** CHECKING HEALTH ********
2023-09-09 12:53:00.249 [main] INFO  org.bookingTest.BaseTest -  ****** CHECKING HEALTH PASS  ******** 
2023-09-09 12:53:03.008 [main] INFO  org.bookingTest.BaseTest -  ****** CHECKING HEALTH ********
2023-09-09 12:53:07.234 [main] INFO  org.bookingTest.BaseTest -  ****** CHECKING HEALTH PASS  ******** 
2023-09-09 12:53:09.325 [main] INFO  org.bookingTest.BaseTest -  ****** CHECKING HEALTH ********
2023-09-09 12:53:13.209 [main] INFO  org.bookingTest.BaseTest -  ****** CHECKING HEALTH PASS  ******** 
2023-09-09 12:53:18.874 [main] INFO  org.bookingTest.BaseTest -  ****** CHECKING HEALTH ********
2023-09-09 12:53:22.515 [main] INFO  org.bookingTest.BaseTest -  ****** CHECKING HEALTH PASS  ******** 
2023-09-09 12:53:22.883 [main] INFO  org.bookingTest.BaseTest -  ****** CHECKING HEALTH ********
2023-09-09 12:53:26.585 [main] INFO  org.bookingTest.BaseTest -  ****** CHECKING HEALTH PASS  ******** 
2023-09-09 12:56:32.099 [main] INFO  org.bookingTest.BaseTest -  ****** CHECKING HEALTH ********
2023-09-09 12:56:37.740 [main] INFO  org.bookingTest.BaseTest -  ****** CHECKING HEALTH PASS  ******** 
2023-09-09 12:56:37.754 [main] INFO  reporting.ExtentManager -  Report Directory already exits C:\Users\ashutoshsingh03\Documents\AshutoshKumarSingh\BookingApp\TestReport
2023-09-09 12:56:38.164 [main] INFO  org.bookingTest.Test_createBooking -  **** tc01_createbooking() *****
2023-09-09 12:56:40.348 [main] INFO  org.bookingTest.Test_createBooking -  POST bODY is {
    "bookingid": 2830,
    "booking": {
        "firstname": "Delia",
        "lastname": "Shields",
        "totalprice": 1,
        "depositpaid": false,
        "bookingdates": {
            "checkin": "2018-01-01",
            "checkout": "2028-01-01"
        },
        "additionalneeds": "Airport shuttle"
    }
}
2023-09-09 12:57:20.012 [main] INFO  org.bookingTest.BaseTest -  ****** CHECKING HEALTH ********
2023-09-09 12:57:22.727 [main] INFO  org.bookingTest.BaseTest -  ****** CHECKING HEALTH PASS  ******** 
2023-09-09 12:57:24.576 [main] INFO  org.bookingTest.BaseTest -  ****** CHECKING HEALTH ********
2023-09-09 12:57:27.291 [main] INFO  org.bookingTest.BaseTest -  ****** CHECKING HEALTH PASS  ******** 
2023-09-09 12:57:27.294 [main] INFO  org.bookingTest.Test_createBooking -  tc03_validateHeaders To validate the header of response 
2023-09-09 12:57:27.298 [main] INFO  org.bookingTest.BaseTest -  ****** CHECKING HEALTH ********
2023-09-09 12:57:30.133 [main] INFO  org.bookingTest.BaseTest -  ****** CHECKING HEALTH PASS  ******** 
2023-09-09 12:57:30.136 [main] INFO  org.bookingTest.Test_createBooking -  tc04_validateBody  To validate the body of json response 
2023-09-09 12:57:30.139 [main] INFO  org.bookingTest.Test_createBooking -  validate that object types are not null 
2023-09-09 12:57:30.140 [main] INFO  org.bookingTest.Test_createBooking -  response.getBody().asPrettyString()
2023-09-09 12:57:30.290 [main] INFO  org.bookingTest.BaseTest -  ****** CHECKING HEALTH ********
2023-09-09 12:57:33.405 [main] INFO  org.bookingTest.BaseTest -  ****** CHECKING HEALTH PASS  ******** 
2023-09-09 12:57:35.382 [main] INFO  org.bookingTest.BaseTest -  ****** CHECKING HEALTH ********
2023-09-09 12:57:38.312 [main] INFO  org.bookingTest.BaseTest -  ****** CHECKING HEALTH PASS  ******** 
2023-09-09 12:57:39.872 [main] INFO  org.bookingTest.BaseTest -  ****** CHECKING HEALTH ********
2023-09-09 12:57:42.956 [main] INFO  org.bookingTest.BaseTest -  ****** CHECKING HEALTH PASS  ******** 
2023-09-09 12:57:44.435 [main] INFO  org.bookingTest.BaseTest -  ****** CHECKING HEALTH ********
2023-09-09 12:57:47.360 [main] INFO  org.bookingTest.BaseTest -  ****** CHECKING HEALTH PASS  ******** 
2023-09-09 12:57:51.769 [main] INFO  org.bookingTest.BaseTest -  ****** CHECKING HEALTH ********
2023-09-09 12:57:54.630 [main] INFO  org.bookingTest.BaseTest -  ****** CHECKING HEALTH PASS  ******** 
2023-09-09 12:57:54.772 [main] INFO  org.bookingTest.BaseTest -  ****** CHECKING HEALTH ********
2023-09-09 12:57:57.394 [main] INFO  org.bookingTest.BaseTest -  ****** CHECKING HEALTH PASS  ******** 
2023-09-09 12:59:10.099 [main] INFO  org.bookingTest.BaseTest -  ****** CHECKING HEALTH ********
2023-09-09 12:59:15.794 [main] INFO  org.bookingTest.BaseTest -  ****** CHECKING HEALTH PASS  ******** 
2023-09-09 12:59:15.811 [main] INFO  reporting.ExtentManager -  Report Directory already exits C:\Users\ashutoshsingh03\Documents\AshutoshKumarSingh\BookingApp\TestReport
2023-09-09 12:59:16.172 [main] INFO  org.bookingTest.Test_createBooking -  **** tc01_createbooking() *****
2023-09-09 12:59:18.114 [main] INFO  org.bookingTest.Test_createBooking -  POST bODY is {
    "bookingid": 4160,
    "booking": {
        "firstname": "Joey",
        "lastname": "Swift",
        "totalprice": 7,
        "depositpaid": false,
        "bookingdates": {
            "checkin": "2018-01-01",
            "checkout": "2028-01-01"
        },
        "additionalneeds": "Airport shuttle"
    }
}
2023-09-09 12:59:32.882 [main] INFO  org.bookingTest.BaseTest -  ****** CHECKING HEALTH ********
2023-09-09 12:59:35.746 [main] INFO  org.bookingTest.BaseTest -  ****** CHECKING HEALTH PASS  ******** 
2023-09-09 12:59:37.815 [main] INFO  org.bookingTest.BaseTest -  ****** CHECKING HEALTH ********
2023-09-09 12:59:40.656 [main] INFO  org.bookingTest.BaseTest -  ****** CHECKING HEALTH PASS  ******** 
2023-09-09 12:59:40.658 [main] INFO  org.bookingTest.Test_createBooking -  tc03_validateHeaders To validate the header of response 
2023-09-09 12:59:40.661 [main] INFO  org.bookingTest.BaseTest -  ****** CHECKING HEALTH ********
2023-09-09 12:59:43.135 [main] INFO  org.bookingTest.BaseTest -  ****** CHECKING HEALTH PASS  ******** 
2023-09-09 12:59:43.136 [main] INFO  org.bookingTest.Test_createBooking -  tc04_validateBody  To validate the body of json response 
2023-09-09 12:59:43.138 [main] INFO  org.bookingTest.Test_createBooking -  validate that object types are not null 
2023-09-09 12:59:43.138 [main] INFO  org.bookingTest.Test_createBooking -  response.getBody().asPrettyString()
2023-09-09 12:59:43.224 [main] INFO  org.bookingTest.BaseTest -  ****** CHECKING HEALTH ********
2023-09-09 12:59:45.857 [main] INFO  org.bookingTest.BaseTest -  ****** CHECKING HEALTH PASS  ******** 
2023-09-09 12:59:47.713 [main] INFO  org.bookingTest.BaseTest -  ****** CHECKING HEALTH ********
2023-09-09 12:59:50.606 [main] INFO  org.bookingTest.BaseTest -  ****** CHECKING HEALTH PASS  ******** 
2023-09-09 12:59:51.883 [main] INFO  org.bookingTest.BaseTest -  ****** CHECKING HEALTH ********
2023-09-09 12:59:54.516 [main] INFO  org.bookingTest.BaseTest -  ****** CHECKING HEALTH PASS  ******** 
2023-09-09 12:59:55.957 [main] INFO  org.bookingTest.BaseTest -  ****** CHECKING HEALTH ********
2023-09-09 12:59:58.532 [main] INFO  org.bookingTest.BaseTest -  ****** CHECKING HEALTH PASS  ******** 
2023-09-09 13:00:02.258 [main] INFO  org.bookingTest.BaseTest -  ****** CHECKING HEALTH ********
2023-09-09 13:00:05.189 [main] INFO  org.bookingTest.BaseTest -  ****** CHECKING HEALTH PASS  ******** 
2023-09-09 13:00:05.312 [main] INFO  org.bookingTest.BaseTest -  ****** CHECKING HEALTH ********
2023-09-09 13:00:07.789 [main] INFO  org.bookingTest.BaseTest -  ****** CHECKING HEALTH PASS  ******** 
2023-09-09 13:02:21.756 [main] INFO  org.bookingTest.BaseTest -  ****** CHECKING HEALTH ********
2023-09-09 13:02:26.815 [main] INFO  org.bookingTest.BaseTest -  ****** CHECKING HEALTH PASS  ******** 
2023-09-09 13:02:26.824 [main] INFO  reporting.ExtentManager -  Report Directory already exits C:\Users\ashutoshsingh03\Documents\AshutoshKumarSingh\BookingApp\TestReport
2023-09-09 13:02:27.119 [main] INFO  org.bookingTest.Test_createBooking -  **** tc01_createbooking() *****
2023-09-09 13:02:28.903 [main] INFO  org.bookingTest.Test_createBooking -  POST bODY is {
    "bookingid": 177,
    "booking": {
        "firstname": "Clementina",
        "lastname": "Rutherford",
        "totalprice": 10,
        "depositpaid": true,
        "bookingdates": {
            "checkin": "2018-01-01",
            "checkout": "2028-01-01"
        },
        "additionalneeds": "Extra bed"
    }
}
2023-09-09 13:02:47.181 [main] INFO  org.bookingTest.BaseTest -  ****** CHECKING HEALTH ********
2023-09-09 13:02:50.158 [main] INFO  org.bookingTest.BaseTest -  ****** CHECKING HEALTH PASS  ******** 
2023-09-09 13:02:52.069 [main] INFO  org.bookingTest.BaseTest -  ****** CHECKING HEALTH ********
2023-09-09 13:02:55.179 [main] INFO  org.bookingTest.BaseTest -  ****** CHECKING HEALTH PASS  ******** 
2023-09-09 13:02:55.181 [main] INFO  org.bookingTest.Test_createBooking -  tc03_validateHeaders To validate the header of response 
2023-09-09 13:02:55.186 [main] INFO  org.bookingTest.BaseTest -  ****** CHECKING HEALTH ********
2023-09-09 13:02:58.248 [main] INFO  org.bookingTest.BaseTest -  ****** CHECKING HEALTH PASS  ******** 
2023-09-09 13:02:58.251 [main] INFO  org.bookingTest.Test_createBooking -  tc04_validateBody  To validate the body of json response 
2023-09-09 13:02:58.255 [main] INFO  org.bookingTest.Test_createBooking -  validate that object types are not null 
2023-09-09 13:02:58.256 [main] INFO  org.bookingTest.Test_createBooking -  response.getBody().asPrettyString()
2023-09-09 13:02:58.380 [main] INFO  org.bookingTest.BaseTest -  ****** CHECKING HEALTH ********
2023-09-09 13:03:01.115 [main] INFO  org.bookingTest.BaseTest -  ****** CHECKING HEALTH PASS  ******** 
2023-09-09 13:03:02.694 [main] INFO  org.bookingTest.BaseTest -  ****** CHECKING HEALTH ********
2023-09-09 13:03:05.905 [main] INFO  org.bookingTest.BaseTest -  ****** CHECKING HEALTH PASS  ******** 
2023-09-09 13:03:07.452 [main] INFO  org.bookingTest.BaseTest -  ****** CHECKING HEALTH ********
2023-09-09 13:03:10.273 [main] INFO  org.bookingTest.BaseTest -  ****** CHECKING HEALTH PASS  ******** 
2023-09-09 13:03:11.731 [main] INFO  org.bookingTest.BaseTest -  ****** CHECKING HEALTH ********
2023-09-09 13:03:14.396 [main] INFO  org.bookingTest.BaseTest -  ****** CHECKING HEALTH PASS  ******** 
2023-09-09 13:03:18.775 [main] INFO  org.bookingTest.BaseTest -  ****** CHECKING HEALTH ********
2023-09-09 13:03:21.595 [main] INFO  org.bookingTest.BaseTest -  ****** CHECKING HEALTH PASS  ******** 
2023-09-09 13:03:21.760 [main] INFO  org.bookingTest.BaseTest -  ****** CHECKING HEALTH ********
2023-09-09 13:03:24.422 [main] INFO  org.bookingTest.BaseTest -  ****** CHECKING HEALTH PASS  ******** 
2023-09-09 13:05:52.630 [main] INFO  org.bookingTest.BaseTest -  ****** CHECKING HEALTH ********
2023-09-09 13:05:57.588 [main] INFO  org.bookingTest.BaseTest -  ****** CHECKING HEALTH PASS  ******** 
2023-09-09 13:05:57.594 [main] INFO  reporting.ExtentManager -  Report Directory already exits C:\Users\ashutoshsingh03\Documents\AshutoshKumarSingh\BookingApp\TestReport
2023-09-09 13:05:57.827 [main] INFO  org.bookingTest.Test_createBooking -  **** tc01_createbooking() *****
2023-09-09 13:05:59.787 [main] INFO  org.bookingTest.Test_createBooking -  POST bODY is {
    "bookingid": 1966,
    "booking": {
        "firstname": "Levi",
        "lastname": "Lind",
        "totalprice": 9,
        "depositpaid": true,
        "bookingdates": {
            "checkin": "2018-01-01",
            "checkout": "2028-01-01"
        },
        "additionalneeds": "Extra bed"
    }
}
2023-09-09 13:06:00.777 [main] INFO  org.bookingTest.BaseTest -  ****** CHECKING HEALTH ********
2023-09-09 13:06:03.391 [main] INFO  org.bookingTest.BaseTest -  ****** CHECKING HEALTH PASS  ******** 
2023-09-09 13:06:05.208 [main] INFO  org.bookingTest.BaseTest -  ****** CHECKING HEALTH ********
2023-09-09 13:06:07.901 [main] INFO  org.bookingTest.BaseTest -  ****** CHECKING HEALTH PASS  ******** 
2023-09-09 13:06:07.905 [main] INFO  org.bookingTest.Test_createBooking -  tc03_validateHeaders To validate the header of response 
2023-09-09 13:06:07.910 [main] INFO  org.bookingTest.BaseTest -  ****** CHECKING HEALTH ********
2023-09-09 13:06:10.666 [main] INFO  org.bookingTest.BaseTest -  ****** CHECKING HEALTH PASS  ******** 
2023-09-09 13:06:10.668 [main] INFO  org.bookingTest.Test_createBooking -  tc04_validateBody  To validate the body of json response 
2023-09-09 13:06:10.671 [main] INFO  org.bookingTest.Test_createBooking -  validate that object types are not null 
2023-09-09 13:06:10.671 [main] INFO  org.bookingTest.Test_createBooking -  response.getBody().asPrettyString()
2023-09-09 13:06:10.770 [main] INFO  org.bookingTest.BaseTest -  ****** CHECKING HEALTH ********
2023-09-09 13:06:13.528 [main] INFO  org.bookingTest.BaseTest -  ****** CHECKING HEALTH PASS  ******** 
2023-09-09 13:06:15.316 [main] INFO  org.bookingTest.BaseTest -  ****** CHECKING HEALTH ********
2023-09-09 13:06:17.998 [main] INFO  org.bookingTest.BaseTest -  ****** CHECKING HEALTH PASS  ******** 
2023-09-09 13:06:19.395 [main] INFO  org.bookingTest.BaseTest -  ****** CHECKING HEALTH ********
2023-09-09 13:06:22.132 [main] INFO  org.bookingTest.BaseTest -  ****** CHECKING HEALTH PASS  ******** 
2023-09-09 13:06:23.718 [main] INFO  org.bookingTest.BaseTest -  ****** CHECKING HEALTH ********
2023-09-09 13:06:26.840 [main] INFO  org.bookingTest.BaseTest -  ****** CHECKING HEALTH PASS  ******** 
2023-09-09 13:06:31.354 [main] INFO  org.bookingTest.BaseTest -  ****** CHECKING HEALTH ********
2023-09-09 13:06:34.317 [main] INFO  org.bookingTest.BaseTest -  ****** CHECKING HEALTH PASS  ******** 
2023-09-09 13:06:34.329 [main] INFO  org.bookingTest.BaseTest -  ****** CHECKING HEALTH ********
2023-09-09 13:06:37.210 [main] INFO  org.bookingTest.BaseTest -  ****** CHECKING HEALTH PASS  ******** 
2023-09-09 13:09:09.084 [main] INFO  org.bookingTest.BaseTest -  ****** CHECKING HEALTH ********
2023-09-09 13:09:14.483 [main] INFO  org.bookingTest.BaseTest -  ****** CHECKING HEALTH PASS  ******** 
2023-09-09 13:09:14.496 [main] INFO  reporting.ExtentManager -  Report Directory already exits C:\Users\ashutoshsingh03\Documents\AshutoshKumarSingh\BookingApp\TestReport
2023-09-09 13:09:14.826 [main] INFO  org.bookingTest.Test_createBooking -  **** tc01_createbooking() *****
2023-09-09 13:09:16.769 [main] INFO  org.bookingTest.Test_createBooking -  POST bODY is {
    "bookingid": 3642,
    "booking": {
        "firstname": "Noella",
        "lastname": "Sanford",
        "totalprice": 6,
        "depositpaid": true,
        "bookingdates": {
            "checkin": "2018-01-01",
            "checkout": "2028-01-01"
        },
        "additionalneeds": "Airport shuttle"
    }
}
2023-09-09 13:09:17.571 [main] INFO  org.bookingTest.BaseTest -  ****** CHECKING HEALTH ********
2023-09-09 13:09:20.615 [main] INFO  org.bookingTest.BaseTest -  ****** CHECKING HEALTH PASS  ******** 
2023-09-09 13:09:22.383 [main] INFO  org.bookingTest.BaseTest -  ****** CHECKING HEALTH ********
2023-09-09 13:09:25.226 [main] INFO  org.bookingTest.BaseTest -  ****** CHECKING HEALTH PASS  ******** 
2023-09-09 13:09:25.228 [main] INFO  org.bookingTest.Test_createBooking -  tc03_validateHeaders To validate the header of response 
2023-09-09 13:09:25.233 [main] INFO  org.bookingTest.BaseTest -  ****** CHECKING HEALTH ********
2023-09-09 13:09:28.092 [main] INFO  org.bookingTest.BaseTest -  ****** CHECKING HEALTH PASS  ******** 
2023-09-09 13:09:28.095 [main] INFO  org.bookingTest.Test_createBooking -  tc04_validateBody  To validate the body of json response 
2023-09-09 13:09:28.099 [main] INFO  org.bookingTest.Test_createBooking -  validate that object types are not null 
2023-09-09 13:09:28.100 [main] INFO  org.bookingTest.Test_createBooking -  response.getBody().asPrettyString()
2023-09-09 13:09:28.210 [main] INFO  org.bookingTest.BaseTest -  ****** CHECKING HEALTH ********
2023-09-09 13:09:31.062 [main] INFO  org.bookingTest.BaseTest -  ****** CHECKING HEALTH PASS  ******** 
2023-09-09 13:09:32.977 [main] INFO  org.bookingTest.BaseTest -  ****** CHECKING HEALTH ********
2023-09-09 13:09:35.713 [main] INFO  org.bookingTest.BaseTest -  ****** CHECKING HEALTH PASS  ******** 
2023-09-09 13:09:37.257 [main] INFO  org.bookingTest.BaseTest -  ****** CHECKING HEALTH ********
2023-09-09 13:09:40.276 [main] INFO  org.bookingTest.BaseTest -  ****** CHECKING HEALTH PASS  ******** 
2023-09-09 13:09:41.718 [main] INFO  org.bookingTest.BaseTest -  ****** CHECKING HEALTH ********
2023-09-09 13:09:44.720 [main] INFO  org.bookingTest.BaseTest -  ****** CHECKING HEALTH PASS  ******** 
2023-09-09 13:09:49.396 [main] INFO  org.bookingTest.BaseTest -  ****** CHECKING HEALTH ********
2023-09-09 13:09:52.258 [main] INFO  org.bookingTest.BaseTest -  ****** CHECKING HEALTH PASS  ******** 
2023-09-09 13:09:52.353 [main] INFO  org.bookingTest.BaseTest -  ****** CHECKING HEALTH ********
2023-09-09 13:09:55.331 [main] INFO  org.bookingTest.BaseTest -  ****** CHECKING HEALTH PASS  ******** 
2023-09-09 13:20:51.644 [main] INFO  org.bookingTest.BaseTest -  ****** CHECKING HEALTH ********
2023-09-09 13:21:00.945 [main] INFO  org.bookingTest.BaseTest -  ****** CHECKING HEALTH PASS  ******** 
2023-09-09 13:21:00.959 [main] INFO  reporting.ExtentManager -  Report Directory already exits C:\Users\ashutoshsingh03\Documents\AshutoshKumarSingh\BookingApp\TestReport
2023-09-09 13:21:01.342 [main] INFO  org.bookingTest.Test_createBooking -  **** tc01_createbooking() *****
2023-09-09 13:21:03.540 [main] INFO  org.bookingTest.Test_createBooking -  POST bODY is {
    "bookingid": 50,
    "booking": {
        "firstname": "Necole",
        "lastname": "O'Connell",
        "totalprice": 6,
        "depositpaid": true,
        "bookingdates": {
            "checkin": "2018-01-01",
            "checkout": "2028-01-01"
        },
        "additionalneeds": "Airport shuttle"
    }
}
2023-09-09 13:21:04.788 [main] INFO  org.bookingTest.BaseTest -  ****** CHECKING HEALTH ********
2023-09-09 13:21:07.490 [main] INFO  org.bookingTest.BaseTest -  ****** CHECKING HEALTH PASS  ******** 
2023-09-09 13:21:09.666 [main] INFO  org.bookingTest.BaseTest -  ****** CHECKING HEALTH ********
2023-09-09 13:21:12.611 [main] INFO  org.bookingTest.BaseTest -  ****** CHECKING HEALTH PASS  ******** 
2023-09-09 13:21:12.614 [main] INFO  org.bookingTest.Test_createBooking -  tc03_validateHeaders To validate the header of response 
2023-09-09 13:21:12.619 [main] INFO  org.bookingTest.BaseTest -  ****** CHECKING HEALTH ********
2023-09-09 13:21:15.417 [main] INFO  org.bookingTest.BaseTest -  ****** CHECKING HEALTH PASS  ******** 
2023-09-09 13:21:15.419 [main] INFO  org.bookingTest.Test_createBooking -  tc04_validateBody  To validate the body of json response 
2023-09-09 13:21:15.422 [main] INFO  org.bookingTest.Test_createBooking -  validate that object types are not null 
2023-09-09 13:21:15.423 [main] INFO  org.bookingTest.Test_createBooking -  response.getBody().asPrettyString()
2023-09-09 13:21:15.543 [main] INFO  org.bookingTest.BaseTest -  ****** CHECKING HEALTH ********
2023-09-09 13:21:18.346 [main] INFO  org.bookingTest.BaseTest -  ****** CHECKING HEALTH PASS  ******** 
2023-09-09 13:21:19.804 [main] INFO  org.bookingTest.BaseTest -  ****** CHECKING HEALTH ********
2023-09-09 13:21:22.750 [main] INFO  org.bookingTest.BaseTest -  ****** CHECKING HEALTH PASS  ******** 
2023-09-09 13:21:24.397 [main] INFO  org.bookingTest.BaseTest -  ****** CHECKING HEALTH ********
2023-09-09 13:21:27.257 [main] INFO  org.bookingTest.BaseTest -  ****** CHECKING HEALTH PASS  ******** 
2023-09-09 13:21:28.632 [main] INFO  org.bookingTest.BaseTest -  ****** CHECKING HEALTH ********
2023-09-09 13:21:31.454 [main] INFO  org.bookingTest.BaseTest -  ****** CHECKING HEALTH PASS  ******** 
2023-09-09 13:21:35.790 [main] INFO  org.bookingTest.BaseTest -  ****** CHECKING HEALTH ********
2023-09-09 13:21:38.587 [main] INFO  org.bookingTest.BaseTest -  ****** CHECKING HEALTH PASS  ******** 
2023-09-09 13:21:38.696 [main] INFO  org.bookingTest.BaseTest -  ****** CHECKING HEALTH ********
2023-09-09 13:21:41.695 [main] INFO  org.bookingTest.BaseTest -  ****** CHECKING HEALTH PASS  ******** 
2023-09-09 13:24:33.461 [main] INFO  org.bookingTest.BaseTest -  ****** CHECKING HEALTH ********
2023-09-09 13:24:38.598 [main] INFO  org.bookingTest.BaseTest -  ****** CHECKING HEALTH PASS  ******** 
2023-09-09 13:24:38.609 [main] INFO  reporting.ExtentManager -  Report Directory already exits C:\Users\ashutoshsingh03\Documents\AshutoshKumarSingh\BookingApp\TestReport
2023-09-09 13:24:39.033 [main] INFO  org.bookingTest.Test_createBooking -  **** tc01_createbooking() *****
2023-09-09 13:24:41.049 [main] INFO  org.bookingTest.Test_createBooking -  POST bODY is {
    "bookingid": 1884,
    "booking": {
        "firstname": "Enrique",
        "lastname": "Lindgren",
        "totalprice": 8,
        "depositpaid": true,
        "bookingdates": {
            "checkin": "2018-01-01",
            "checkout": "2028-01-01"
        },
        "additionalneeds": "Late check-out"
    }
}
2023-09-09 13:24:41.775 [main] INFO  org.bookingTest.BaseTest -  ****** CHECKING HEALTH ********
2023-09-09 13:24:44.855 [main] INFO  org.bookingTest.BaseTest -  ****** CHECKING HEALTH PASS  ******** 
2023-09-09 13:24:46.709 [main] INFO  org.bookingTest.BaseTest -  ****** CHECKING HEALTH ********
2023-09-09 13:24:49.810 [main] INFO  org.bookingTest.BaseTest -  ****** CHECKING HEALTH PASS  ******** 
2023-09-09 13:24:49.814 [main] INFO  org.bookingTest.Test_createBooking -  tc03_validateHeaders To validate the header of response 
2023-09-09 13:24:49.818 [main] INFO  org.bookingTest.BaseTest -  ****** CHECKING HEALTH ********
2023-09-09 13:24:52.882 [main] INFO  org.bookingTest.BaseTest -  ****** CHECKING HEALTH PASS  ******** 
2023-09-09 13:24:52.885 [main] INFO  org.bookingTest.Test_createBooking -  tc04_validateBody  To validate the body of json response 
2023-09-09 13:24:52.890 [main] INFO  org.bookingTest.Test_createBooking -  validate that object types are not null 
2023-09-09 13:24:52.891 [main] INFO  org.bookingTest.Test_createBooking -  response.getBody().asPrettyString()
2023-09-09 13:24:52.997 [main] INFO  org.bookingTest.BaseTest -  ****** CHECKING HEALTH ********
2023-09-09 13:24:56.055 [main] INFO  org.bookingTest.BaseTest -  ****** CHECKING HEALTH PASS  ******** 
2023-09-09 13:24:57.879 [main] INFO  org.bookingTest.BaseTest -  ****** CHECKING HEALTH ********
2023-09-09 13:25:00.449 [main] INFO  org.bookingTest.BaseTest -  ****** CHECKING HEALTH PASS  ******** 
2023-09-09 13:25:01.908 [main] INFO  org.bookingTest.BaseTest -  ****** CHECKING HEALTH ********
2023-09-09 13:25:04.963 [main] INFO  org.bookingTest.BaseTest -  ****** CHECKING HEALTH PASS  ******** 
2023-09-09 13:25:06.396 [main] INFO  org.bookingTest.BaseTest -  ****** CHECKING HEALTH ********
2023-09-09 13:25:09.257 [main] INFO  org.bookingTest.BaseTest -  ****** CHECKING HEALTH PASS  ******** 
2023-09-09 13:25:13.835 [main] INFO  org.bookingTest.BaseTest -  ****** CHECKING HEALTH ********
2023-09-09 13:25:16.637 [main] INFO  org.bookingTest.BaseTest -  ****** CHECKING HEALTH PASS  ******** 
2023-09-09 13:25:16.744 [main] INFO  org.bookingTest.BaseTest -  ****** CHECKING HEALTH ********
2023-09-09 13:25:19.709 [main] INFO  org.bookingTest.BaseTest -  ****** CHECKING HEALTH PASS  ******** 
2023-09-09 13:27:59.137 [main] INFO  org.bookingTest.BaseTest -  ****** CHECKING HEALTH ********
2023-09-09 13:28:04.067 [main] INFO  org.bookingTest.BaseTest -  ****** CHECKING HEALTH PASS  ******** 
2023-09-09 13:28:04.076 [main] INFO  reporting.ExtentManager -  Report Directory already exits C:\Users\ashutoshsingh03\Documents\AshutoshKumarSingh\BookingApp\TestReport
2023-09-09 13:28:04.330 [main] INFO  org.bookingTest.Test_createBooking -  **** tc01_createbooking() *****
2023-09-09 13:28:06.060 [main] INFO  org.bookingTest.Test_createBooking -  POST bODY is {
    "bookingid": 3630,
    "booking": {
        "firstname": "Rich",
        "lastname": "Swaniawski",
        "totalprice": 10,
        "depositpaid": false,
        "bookingdates": {
            "checkin": "2018-01-01",
            "checkout": "2028-01-01"
        },
        "additionalneeds": "Late check-out"
    }
}
2023-09-09 13:28:07.144 [main] INFO  org.bookingTest.BaseTest -  ****** CHECKING HEALTH ********
2023-09-09 13:28:10.080 [main] INFO  org.bookingTest.BaseTest -  ****** CHECKING HEALTH PASS  ******** 
2023-09-09 13:28:11.930 [main] INFO  org.bookingTest.BaseTest -  ****** CHECKING HEALTH ********
2023-09-09 13:28:14.625 [main] INFO  org.bookingTest.BaseTest -  ****** CHECKING HEALTH PASS  ******** 
2023-09-09 13:28:14.628 [main] INFO  org.bookingTest.Test_createBooking -  tc03_validateHeaders To validate the header of response 
2023-09-09 13:28:14.635 [main] INFO  org.bookingTest.BaseTest -  ****** CHECKING HEALTH ********
2023-09-09 13:28:17.376 [main] INFO  org.bookingTest.BaseTest -  ****** CHECKING HEALTH PASS  ******** 
2023-09-09 13:28:17.379 [main] INFO  org.bookingTest.Test_createBooking -  tc04_validateBody  To validate the body of json response 
2023-09-09 13:28:17.382 [main] INFO  org.bookingTest.Test_createBooking -  validate that object types are not null 
2023-09-09 13:28:17.383 [main] INFO  org.bookingTest.Test_createBooking -  response.getBody().asPrettyString()
2023-09-09 13:28:17.517 [main] INFO  org.bookingTest.BaseTest -  ****** CHECKING HEALTH ********
2023-09-09 13:28:20.352 [main] INFO  org.bookingTest.BaseTest -  ****** CHECKING HEALTH PASS  ******** 
2023-09-09 13:28:22.153 [main] INFO  org.bookingTest.BaseTest -  ****** CHECKING HEALTH ********
2023-09-09 13:28:25.156 [main] INFO  org.bookingTest.BaseTest -  ****** CHECKING HEALTH PASS  ******** 
2023-09-09 13:28:26.597 [main] INFO  org.bookingTest.BaseTest -  ****** CHECKING HEALTH ********
2023-09-09 13:28:29.500 [main] INFO  org.bookingTest.BaseTest -  ****** CHECKING HEALTH PASS  ******** 
2023-09-09 13:28:30.872 [main] INFO  org.bookingTest.BaseTest -  ****** CHECKING HEALTH ********
2023-09-09 13:28:33.964 [main] INFO  org.bookingTest.BaseTest -  ****** CHECKING HEALTH PASS  ******** 
2023-09-09 13:28:38.305 [main] INFO  org.bookingTest.BaseTest -  ****** CHECKING HEALTH ********
2023-09-09 13:28:41.139 [main] INFO  org.bookingTest.BaseTest -  ****** CHECKING HEALTH PASS  ******** 
2023-09-09 13:28:41.227 [main] INFO  org.bookingTest.BaseTest -  ****** CHECKING HEALTH ********
2023-09-09 13:28:44.161 [main] INFO  org.bookingTest.BaseTest -  ****** CHECKING HEALTH PASS  ******** 
