2023-09-08 23:55:12.802 [main] INFO  org.bookingTest.BaseTest -  ****** CHECKING HEALTH ********
2023-09-08 23:55:18.743 [main] INFO  reporting.ExtentManager -  Report Directory already exits C:\Users\ashutoshsingh03\Documents\AshutoshKumarSingh\BookingApp\TestReport
2023-09-08 23:55:18.923 [main] INFO  org.bookingTest.Test_createBooking -  **** c01_createbooking() *****
2023-09-08 23:55:20.935 [main] INFO  org.bookingTest.Test_createBooking - {
    "bookingid": 2204,
    "booking": {
        "firstname": "Stormy",
        "lastname": "Haley",
        "totalprice": 6,
        "depositpaid": true,
        "bookingdates": {
            "checkin": "2018-01-01",
            "checkout": "2028-01-01"
        },
        "additionalneeds": "Breakfast"
    }
}
2023-09-08 23:55:20.943 [main] INFO  org.bookingTest.BaseTest -  ****** CHECKING HEALTH ********
2023-09-08 23:55:23.468 [main] INFO  org.bookingTest.BaseTest -  ****** CHECKING HEALTH ********
2023-09-08 23:55:27.571 [main] INFO  org.bookingTest.BaseTest -  ****** CHECKING HEALTH ********
2023-09-08 23:55:32.098 [main] INFO  org.bookingTest.BaseTest -  ****** CHECKING HEALTH ********
2023-09-08 23:55:36.161 [main] INFO  org.bookingTest.BaseTest -  ****** CHECKING HEALTH ********
